========================================
Job Submission Manager
========================================
Work folders:       21
  - /scratch/frdcol002/ipglasma/sensitivity_test/pp5020/BG_2/results
  - /scratch/frdcol002/ipglasma/sensitivity_test/pp5020/BG_4/results
  - /scratch/frdcol002/ipglasma/sensitivity_test/pp5020/BG_6/results
  - /scratch/frdcol002/ipglasma/sensitivity_test/pp5020/BGq_0p1/results
  - /scratch/frdcol002/ipglasma/sensitivity_test/pp5020/BGq_0p5/results
  - /scratch/frdcol002/ipglasma/sensitivity_test/pp5020/BGq_1/results
  - /scratch/frdcol002/ipglasma/sensitivity_test/pp5020/dqMin_0p26/results
  - /scratch/frdcol002/ipglasma/sensitivity_test/pp5020/dqMin_0p5/results
  - /scratch/frdcol002/ipglasma/sensitivity_test/pp5020/dqMin_0/results
  - /scratch/frdcol002/ipglasma/sensitivity_test/pp5020/m_0p1/results
  - /scratch/frdcol002/ipglasma/sensitivity_test/pp5020/m_0p25/results
  - /scratch/frdcol002/ipglasma/sensitivity_test/pp5020/m_0p5/results
  - /scratch/frdcol002/ipglasma/sensitivity_test/pp5020/QsmuRatio_0p2/results
  - /scratch/frdcol002/ipglasma/sensitivity_test/pp5020/QsmuRatio_0p6/results
  - /scratch/frdcol002/ipglasma/sensitivity_test/pp5020/QsmuRatio_1/results
  - /scratch/frdcol002/ipglasma/sensitivity_test/pp5020/smearingWidth_0p4/results
  - /scratch/frdcol002/ipglasma/sensitivity_test/pp5020/smearingWidth_0p6/results
  - /scratch/frdcol002/ipglasma/sensitivity_test/pp5020/smearingWidth_0p8/results
  - /scratch/frdcol002/ipglasma/sensitivity_test/pp5020/useConstituentQuarkProton_10/results
  - /scratch/frdcol002/ipglasma/sensitivity_test/pp5020/useConstituentQuarkProton_1/results
  - /scratch/frdcol002/ipglasma/sensitivity_test/pp5020/useConstituentQuarkProton_5/results
Queue:              ada
Max active jobs:    140
========================================
Scanning for job directories...
  Scanning /scratch/frdcol002/ipglasma/sensitivity_test/pp5020/BG_2/results...
  Scanning /scratch/frdcol002/ipglasma/sensitivity_test/pp5020/BG_4/results...
  Scanning /scratch/frdcol002/ipglasma/sensitivity_test/pp5020/BG_6/results...
  Scanning /scratch/frdcol002/ipglasma/sensitivity_test/pp5020/BGq_0p1/results...
  Scanning /scratch/frdcol002/ipglasma/sensitivity_test/pp5020/BGq_0p5/results...
  Scanning /scratch/frdcol002/ipglasma/sensitivity_test/pp5020/BGq_1/results...
  Scanning /scratch/frdcol002/ipglasma/sensitivity_test/pp5020/dqMin_0p26/results...
  Scanning /scratch/frdcol002/ipglasma/sensitivity_test/pp5020/dqMin_0p5/results...
  Scanning /scratch/frdcol002/ipglasma/sensitivity_test/pp5020/dqMin_0/results...
  Scanning /scratch/frdcol002/ipglasma/sensitivity_test/pp5020/m_0p1/results...
  Scanning /scratch/frdcol002/ipglasma/sensitivity_test/pp5020/m_0p25/results...
  Scanning /scratch/frdcol002/ipglasma/sensitivity_test/pp5020/m_0p5/results...
  Scanning /scratch/frdcol002/ipglasma/sensitivity_test/pp5020/QsmuRatio_0p2/results...
  Scanning /scratch/frdcol002/ipglasma/sensitivity_test/pp5020/QsmuRatio_0p6/results...
  Scanning /scratch/frdcol002/ipglasma/sensitivity_test/pp5020/QsmuRatio_1/results...
  Scanning /scratch/frdcol002/ipglasma/sensitivity_test/pp5020/smearingWidth_0p4/results...
  Scanning /scratch/frdcol002/ipglasma/sensitivity_test/pp5020/smearingWidth_0p6/results...
  Scanning /scratch/frdcol002/ipglasma/sensitivity_test/pp5020/smearingWidth_0p8/results...
  Scanning /scratch/frdcol002/ipglasma/sensitivity_test/pp5020/useConstituentQuarkProton_10/results...
  Scanning /scratch/frdcol002/ipglasma/sensitivity_test/pp5020/useConstituentQuarkProton_1/results...
  Scanning /scratch/frdcol002/ipglasma/sensitivity_test/pp5020/useConstituentQuarkProton_5/results...
Found 4200 jobs to submit

========================================
Initial job submission (up to 140 jobs)
========================================
start submit job
job_dir: /scratch/frdcol002/ipglasma/sensitivity_test/pp5020/BG_2/results/job_0
sbatch output: Submitted batch job 297930
exit_code: 0
Submitted batch job 297930
testing
testing
[09:09:37] Submitted job 1/4200 (ID: 297930) in job_0
start submit job
job_dir: /scratch/frdcol002/ipglasma/sensitivity_test/pp5020/BG_2/results/job_1
sbatch output: Submitted batch job 297931
exit_code: 0
Submitted batch job 297931
testing
testing
[09:09:37] Submitted job 2/4200 (ID: 297931) in job_1
start submit job
job_dir: /scratch/frdcol002/ipglasma/sensitivity_test/pp5020/BG_2/results/job_10
sbatch output: Submitted batch job 297932
exit_code: 0
Submitted batch job 297932
testing
testing
[09:09:37] Submitted job 3/4200 (ID: 297932) in job_10
start submit job
job_dir: /scratch/frdcol002/ipglasma/sensitivity_test/pp5020/BG_2/results/job_100
sbatch output: Submitted batch job 297933
exit_code: 0
Submitted batch job 297933
testing
testing
[09:09:37] Submitted job 4/4200 (ID: 297933) in job_100
start submit job
job_dir: /scratch/frdcol002/ipglasma/sensitivity_test/pp5020/BG_2/results/job_101
sbatch output: Submitted batch job 297934
exit_code: 0
Submitted batch job 297934
testing
testing
[09:09:37] Submitted job 5/4200 (ID: 297934) in job_101
start submit job
job_dir: /scratch/frdcol002/ipglasma/sensitivity_test/pp5020/BG_2/results/job_102
sbatch output: Submitted batch job 297935
exit_code: 0
Submitted batch job 297935
testing
testing
[09:09:37] Submitted job 6/4200 (ID: 297935) in job_102
start submit job
job_dir: /scratch/frdcol002/ipglasma/sensitivity_test/pp5020/BG_2/results/job_103
sbatch output: Submitted batch job 297936
exit_code: 0
Submitted batch job 297936
testing
testing
[09:09:37] Submitted job 7/4200 (ID: 297936) in job_103
start submit job
job_dir: /scratch/frdcol002/ipglasma/sensitivity_test/pp5020/BG_2/results/job_104
sbatch output: Submitted batch job 297937
exit_code: 0
Submitted batch job 297937
testing
testing
[09:09:37] Submitted job 8/4200 (ID: 297937) in job_104
start submit job
job_dir: /scratch/frdcol002/ipglasma/sensitivity_test/pp5020/BG_2/results/job_105
sbatch output: Submitted batch job 297938
exit_code: 0
Submitted batch job 297938
testing
testing
[09:09:37] Submitted job 9/4200 (ID: 297938) in job_105
start submit job
job_dir: /scratch/frdcol002/ipglasma/sensitivity_test/pp5020/BG_2/results/job_106
sbatch output: Submitted batch job 297939
exit_code: 0
Submitted batch job 297939
testing
testing
[09:09:38] Submitted job 10/4200 (ID: 297939) in job_106
start submit job
job_dir: /scratch/frdcol002/ipglasma/sensitivity_test/pp5020/BG_2/results/job_107
sbatch output: Submitted batch job 297940
exit_code: 0
Submitted batch job 297940
testing
testing
[09:09:38] Submitted job 11/4200 (ID: 297940) in job_107
start submit job
job_dir: /scratch/frdcol002/ipglasma/sensitivity_test/pp5020/BG_2/results/job_108
sbatch output: Submitted batch job 297941
exit_code: 0
Submitted batch job 297941
testing
testing
[09:09:38] Submitted job 12/4200 (ID: 297941) in job_108
start submit job
job_dir: /scratch/frdcol002/ipglasma/sensitivity_test/pp5020/BG_2/results/job_109
sbatch output: Submitted batch job 297942
exit_code: 0
Submitted batch job 297942
testing
testing
[09:09:38] Submitted job 13/4200 (ID: 297942) in job_109
start submit job
job_dir: /scratch/frdcol002/ipglasma/sensitivity_test/pp5020/BG_2/results/job_11
sbatch output: Submitted batch job 297943
exit_code: 0
Submitted batch job 297943
testing
testing
[09:09:38] Submitted job 14/4200 (ID: 297943) in job_11
start submit job
job_dir: /scratch/frdcol002/ipglasma/sensitivity_test/pp5020/BG_2/results/job_110
sbatch output: Submitted batch job 297944
exit_code: 0
Submitted batch job 297944
testing
testing
[09:09:38] Submitted job 15/4200 (ID: 297944) in job_110
start submit job
job_dir: /scratch/frdcol002/ipglasma/sensitivity_test/pp5020/BG_2/results/job_111
sbatch output: Submitted batch job 297945
exit_code: 0
Submitted batch job 297945
testing
testing
[09:09:38] Submitted job 16/4200 (ID: 297945) in job_111
start submit job
job_dir: /scratch/frdcol002/ipglasma/sensitivity_test/pp5020/BG_2/results/job_112
sbatch output: Submitted batch job 297946
exit_code: 0
Submitted batch job 297946
testing
testing
[09:09:38] Submitted job 17/4200 (ID: 297946) in job_112
start submit job
job_dir: /scratch/frdcol002/ipglasma/sensitivity_test/pp5020/BG_2/results/job_113
sbatch output: Submitted batch job 297947
exit_code: 0
Submitted batch job 297947
testing
testing
[09:09:38] Submitted job 18/4200 (ID: 297947) in job_113
start submit job
job_dir: /scratch/frdcol002/ipglasma/sensitivity_test/pp5020/BG_2/results/job_114
sbatch output: Submitted batch job 297948
exit_code: 0
Submitted batch job 297948
testing
testing
[09:09:38] Submitted job 19/4200 (ID: 297948) in job_114
start submit job
job_dir: /scratch/frdcol002/ipglasma/sensitivity_test/pp5020/BG_2/results/job_115
sbatch output: Submitted batch job 297949
exit_code: 0
Submitted batch job 297949
testing
testing
[09:09:38] Submitted job 20/4200 (ID: 297949) in job_115
start submit job
job_dir: /scratch/frdcol002/ipglasma/sensitivity_test/pp5020/BG_2/results/job_116
sbatch output: Submitted batch job 297950
exit_code: 0
Submitted batch job 297950
testing
testing
[09:09:38] Submitted job 21/4200 (ID: 297950) in job_116
start submit job
job_dir: /scratch/frdcol002/ipglasma/sensitivity_test/pp5020/BG_2/results/job_117
sbatch output: Submitted batch job 297951
exit_code: 0
Submitted batch job 297951
testing
testing
[09:09:38] Submitted job 22/4200 (ID: 297951) in job_117
start submit job
job_dir: /scratch/frdcol002/ipglasma/sensitivity_test/pp5020/BG_2/results/job_118
sbatch output: Submitted batch job 297952
exit_code: 0
Submitted batch job 297952
testing
testing
[09:09:38] Submitted job 23/4200 (ID: 297952) in job_118
start submit job
job_dir: /scratch/frdcol002/ipglasma/sensitivity_test/pp5020/BG_2/results/job_119
sbatch output: Submitted batch job 297953
exit_code: 0
Submitted batch job 297953
testing
testing
[09:09:38] Submitted job 24/4200 (ID: 297953) in job_119
start submit job
job_dir: /scratch/frdcol002/ipglasma/sensitivity_test/pp5020/BG_2/results/job_12
sbatch output: Submitted batch job 297954
exit_code: 0
Submitted batch job 297954
testing
testing
[09:09:38] Submitted job 25/4200 (ID: 297954) in job_12
start submit job
job_dir: /scratch/frdcol002/ipglasma/sensitivity_test/pp5020/BG_2/results/job_120
sbatch output: Submitted batch job 297955
exit_code: 0
Submitted batch job 297955
testing
testing
[09:09:38] Submitted job 26/4200 (ID: 297955) in job_120
start submit job
job_dir: /scratch/frdcol002/ipglasma/sensitivity_test/pp5020/BG_2/results/job_121
sbatch output: Submitted batch job 297956
exit_code: 0
Submitted batch job 297956
testing
testing
[09:09:38] Submitted job 27/4200 (ID: 297956) in job_121
start submit job
job_dir: /scratch/frdcol002/ipglasma/sensitivity_test/pp5020/BG_2/results/job_122
sbatch output: Submitted batch job 297957
exit_code: 0
Submitted batch job 297957
testing
testing
[09:09:38] Submitted job 28/4200 (ID: 297957) in job_122
start submit job
job_dir: /scratch/frdcol002/ipglasma/sensitivity_test/pp5020/BG_2/results/job_123
sbatch output: Submitted batch job 297958
exit_code: 0
Submitted batch job 297958
testing
testing
[09:09:38] Submitted job 29/4200 (ID: 297958) in job_123
start submit job
job_dir: /scratch/frdcol002/ipglasma/sensitivity_test/pp5020/BG_2/results/job_124
sbatch output: Submitted batch job 297959
exit_code: 0
Submitted batch job 297959
testing
testing
[09:09:38] Submitted job 30/4200 (ID: 297959) in job_124
start submit job
job_dir: /scratch/frdcol002/ipglasma/sensitivity_test/pp5020/BG_2/results/job_125
sbatch output: Submitted batch job 297960
exit_code: 0
Submitted batch job 297960
testing
testing
[09:09:38] Submitted job 31/4200 (ID: 297960) in job_125
start submit job
job_dir: /scratch/frdcol002/ipglasma/sensitivity_test/pp5020/BG_2/results/job_126
sbatch output: Submitted batch job 297961
exit_code: 0
Submitted batch job 297961
testing
testing
[09:09:38] Submitted job 32/4200 (ID: 297961) in job_126
start submit job
job_dir: /scratch/frdcol002/ipglasma/sensitivity_test/pp5020/BG_2/results/job_127
sbatch output: Submitted batch job 297962
exit_code: 0
Submitted batch job 297962
testing
testing
[09:09:38] Submitted job 33/4200 (ID: 297962) in job_127
start submit job
job_dir: /scratch/frdcol002/ipglasma/sensitivity_test/pp5020/BG_2/results/job_128
sbatch output: Submitted batch job 297963
exit_code: 0
Submitted batch job 297963
testing
testing
[09:09:38] Submitted job 34/4200 (ID: 297963) in job_128
start submit job
job_dir: /scratch/frdcol002/ipglasma/sensitivity_test/pp5020/BG_2/results/job_129
sbatch output: Submitted batch job 297964
exit_code: 0
Submitted batch job 297964
testing
testing
[09:09:38] Submitted job 35/4200 (ID: 297964) in job_129
start submit job
job_dir: /scratch/frdcol002/ipglasma/sensitivity_test/pp5020/BG_2/results/job_13
sbatch output: Submitted batch job 297965
exit_code: 0
Submitted batch job 297965
testing
testing
[09:09:38] Submitted job 36/4200 (ID: 297965) in job_13
start submit job
job_dir: /scratch/frdcol002/ipglasma/sensitivity_test/pp5020/BG_2/results/job_130
sbatch output: Submitted batch job 297966
exit_code: 0
Submitted batch job 297966
testing
testing
[09:09:38] Submitted job 37/4200 (ID: 297966) in job_130
start submit job
job_dir: /scratch/frdcol002/ipglasma/sensitivity_test/pp5020/BG_2/results/job_131
sbatch output: Submitted batch job 297967
exit_code: 0
Submitted batch job 297967
testing
testing
[09:09:38] Submitted job 38/4200 (ID: 297967) in job_131
start submit job
job_dir: /scratch/frdcol002/ipglasma/sensitivity_test/pp5020/BG_2/results/job_132
sbatch output: Submitted batch job 297968
exit_code: 0
Submitted batch job 297968
testing
testing
[09:09:38] Submitted job 39/4200 (ID: 297968) in job_132
start submit job
job_dir: /scratch/frdcol002/ipglasma/sensitivity_test/pp5020/BG_2/results/job_133
sbatch output: Submitted batch job 297969
exit_code: 0
Submitted batch job 297969
testing
testing
[09:09:38] Submitted job 40/4200 (ID: 297969) in job_133
start submit job
job_dir: /scratch/frdcol002/ipglasma/sensitivity_test/pp5020/BG_2/results/job_134
sbatch output: Submitted batch job 297970
exit_code: 0
Submitted batch job 297970
testing
testing
[09:09:38] Submitted job 41/4200 (ID: 297970) in job_134
start submit job
job_dir: /scratch/frdcol002/ipglasma/sensitivity_test/pp5020/BG_2/results/job_135
sbatch output: Submitted batch job 297971
exit_code: 0
Submitted batch job 297971
testing
testing
[09:09:38] Submitted job 42/4200 (ID: 297971) in job_135
start submit job
job_dir: /scratch/frdcol002/ipglasma/sensitivity_test/pp5020/BG_2/results/job_136
sbatch output: Submitted batch job 297972
exit_code: 0
Submitted batch job 297972
testing
testing
[09:09:38] Submitted job 43/4200 (ID: 297972) in job_136
start submit job
job_dir: /scratch/frdcol002/ipglasma/sensitivity_test/pp5020/BG_2/results/job_137
sbatch output: Submitted batch job 297973
exit_code: 0
Submitted batch job 297973
testing
testing
[09:09:38] Submitted job 44/4200 (ID: 297973) in job_137
start submit job
job_dir: /scratch/frdcol002/ipglasma/sensitivity_test/pp5020/BG_2/results/job_138
sbatch output: Submitted batch job 297974
exit_code: 0
Submitted batch job 297974
testing
testing
[09:09:38] Submitted job 45/4200 (ID: 297974) in job_138
start submit job
job_dir: /scratch/frdcol002/ipglasma/sensitivity_test/pp5020/BG_2/results/job_139
sbatch output: Submitted batch job 297975
exit_code: 0
Submitted batch job 297975
testing
testing
[09:09:38] Submitted job 46/4200 (ID: 297975) in job_139
start submit job
job_dir: /scratch/frdcol002/ipglasma/sensitivity_test/pp5020/BG_2/results/job_14
sbatch output: Submitted batch job 297976
exit_code: 0
Submitted batch job 297976
testing
testing
[09:09:38] Submitted job 47/4200 (ID: 297976) in job_14
start submit job
job_dir: /scratch/frdcol002/ipglasma/sensitivity_test/pp5020/BG_2/results/job_140
sbatch output: Submitted batch job 297977
exit_code: 0
Submitted batch job 297977
testing
testing
[09:09:38] Submitted job 48/4200 (ID: 297977) in job_140
start submit job
job_dir: /scratch/frdcol002/ipglasma/sensitivity_test/pp5020/BG_2/results/job_141
sbatch output: Submitted batch job 297978
exit_code: 0
Submitted batch job 297978
testing
testing
[09:09:38] Submitted job 49/4200 (ID: 297978) in job_141
start submit job
job_dir: /scratch/frdcol002/ipglasma/sensitivity_test/pp5020/BG_2/results/job_142
sbatch output: Submitted batch job 297979
exit_code: 0
Submitted batch job 297979
testing
testing
[09:09:38] Submitted job 50/4200 (ID: 297979) in job_142
start submit job
job_dir: /scratch/frdcol002/ipglasma/sensitivity_test/pp5020/BG_2/results/job_143
sbatch output: Submitted batch job 297980
exit_code: 0
Submitted batch job 297980
testing
testing
[09:09:38] Submitted job 51/4200 (ID: 297980) in job_143
start submit job
job_dir: /scratch/frdcol002/ipglasma/sensitivity_test/pp5020/BG_2/results/job_144
sbatch output: Submitted batch job 297981
exit_code: 0
Submitted batch job 297981
testing
testing
[09:09:38] Submitted job 52/4200 (ID: 297981) in job_144
start submit job
job_dir: /scratch/frdcol002/ipglasma/sensitivity_test/pp5020/BG_2/results/job_145
sbatch output: Submitted batch job 297982
exit_code: 0
Submitted batch job 297982
testing
testing
[09:09:38] Submitted job 53/4200 (ID: 297982) in job_145
start submit job
job_dir: /scratch/frdcol002/ipglasma/sensitivity_test/pp5020/BG_2/results/job_146
sbatch output: Submitted batch job 297983
exit_code: 0
Submitted batch job 297983
testing
testing
[09:09:38] Submitted job 54/4200 (ID: 297983) in job_146
start submit job
job_dir: /scratch/frdcol002/ipglasma/sensitivity_test/pp5020/BG_2/results/job_147
sbatch output: Submitted batch job 297984
exit_code: 0
Submitted batch job 297984
testing
testing
[09:09:38] Submitted job 55/4200 (ID: 297984) in job_147
start submit job
job_dir: /scratch/frdcol002/ipglasma/sensitivity_test/pp5020/BG_2/results/job_148
sbatch output: Submitted batch job 297985
exit_code: 0
Submitted batch job 297985
testing
testing
[09:09:38] Submitted job 56/4200 (ID: 297985) in job_148
start submit job
job_dir: /scratch/frdcol002/ipglasma/sensitivity_test/pp5020/BG_2/results/job_149
sbatch output: Submitted batch job 297986
exit_code: 0
Submitted batch job 297986
testing
testing
[09:09:38] Submitted job 57/4200 (ID: 297986) in job_149
start submit job
job_dir: /scratch/frdcol002/ipglasma/sensitivity_test/pp5020/BG_2/results/job_15
sbatch output: Submitted batch job 297987
exit_code: 0
Submitted batch job 297987
testing
testing
[09:09:38] Submitted job 58/4200 (ID: 297987) in job_15
start submit job
job_dir: /scratch/frdcol002/ipglasma/sensitivity_test/pp5020/BG_2/results/job_150
sbatch output: Submitted batch job 297988
exit_code: 0
Submitted batch job 297988
testing
testing
[09:09:39] Submitted job 59/4200 (ID: 297988) in job_150
start submit job
job_dir: /scratch/frdcol002/ipglasma/sensitivity_test/pp5020/BG_2/results/job_151
sbatch output: Submitted batch job 297989
exit_code: 0
Submitted batch job 297989
testing
testing
[09:09:39] Submitted job 60/4200 (ID: 297989) in job_151
start submit job
job_dir: /scratch/frdcol002/ipglasma/sensitivity_test/pp5020/BG_2/results/job_152
sbatch output: Submitted batch job 297990
exit_code: 0
Submitted batch job 297990
testing
testing
[09:09:39] Submitted job 61/4200 (ID: 297990) in job_152
start submit job
job_dir: /scratch/frdcol002/ipglasma/sensitivity_test/pp5020/BG_2/results/job_153
sbatch output: Submitted batch job 297991
exit_code: 0
Submitted batch job 297991
testing
testing
[09:09:39] Submitted job 62/4200 (ID: 297991) in job_153
start submit job
job_dir: /scratch/frdcol002/ipglasma/sensitivity_test/pp5020/BG_2/results/job_154
sbatch output: Submitted batch job 297992
exit_code: 0
Submitted batch job 297992
testing
testing
[09:09:39] Submitted job 63/4200 (ID: 297992) in job_154
start submit job
job_dir: /scratch/frdcol002/ipglasma/sensitivity_test/pp5020/BG_2/results/job_155
sbatch output: Submitted batch job 297993
exit_code: 0
Submitted batch job 297993
testing
testing
[09:09:39] Submitted job 64/4200 (ID: 297993) in job_155
start submit job
job_dir: /scratch/frdcol002/ipglasma/sensitivity_test/pp5020/BG_2/results/job_156
sbatch output: Submitted batch job 297994
exit_code: 0
Submitted batch job 297994
testing
testing
[09:09:39] Submitted job 65/4200 (ID: 297994) in job_156
start submit job
job_dir: /scratch/frdcol002/ipglasma/sensitivity_test/pp5020/BG_2/results/job_157
sbatch output: Submitted batch job 297995
exit_code: 0
Submitted batch job 297995
testing
testing
[09:09:39] Submitted job 66/4200 (ID: 297995) in job_157
start submit job
job_dir: /scratch/frdcol002/ipglasma/sensitivity_test/pp5020/BG_2/results/job_158
sbatch output: Submitted batch job 297996
exit_code: 0
Submitted batch job 297996
testing
testing
[09:09:39] Submitted job 67/4200 (ID: 297996) in job_158
start submit job
job_dir: /scratch/frdcol002/ipglasma/sensitivity_test/pp5020/BG_2/results/job_159
sbatch output: Submitted batch job 297997
exit_code: 0
Submitted batch job 297997
testing
testing
[09:09:39] Submitted job 68/4200 (ID: 297997) in job_159
start submit job
job_dir: /scratch/frdcol002/ipglasma/sensitivity_test/pp5020/BG_2/results/job_16
sbatch output: Submitted batch job 297998
exit_code: 0
Submitted batch job 297998
testing
testing
[09:09:39] Submitted job 69/4200 (ID: 297998) in job_16
start submit job
job_dir: /scratch/frdcol002/ipglasma/sensitivity_test/pp5020/BG_2/results/job_160
sbatch output: Submitted batch job 297999
exit_code: 0
Submitted batch job 297999
testing
testing
[09:09:39] Submitted job 70/4200 (ID: 297999) in job_160
start submit job
job_dir: /scratch/frdcol002/ipglasma/sensitivity_test/pp5020/BG_2/results/job_161
sbatch output: Submitted batch job 298000
exit_code: 0
Submitted batch job 298000
testing
testing
[09:09:39] Submitted job 71/4200 (ID: 298000) in job_161
start submit job
job_dir: /scratch/frdcol002/ipglasma/sensitivity_test/pp5020/BG_2/results/job_162
sbatch output: Submitted batch job 298001
exit_code: 0
Submitted batch job 298001
testing
testing
[09:09:39] Submitted job 72/4200 (ID: 298001) in job_162
start submit job
job_dir: /scratch/frdcol002/ipglasma/sensitivity_test/pp5020/BG_2/results/job_163
sbatch output: Submitted batch job 298002
exit_code: 0
Submitted batch job 298002
testing
testing
[09:09:39] Submitted job 73/4200 (ID: 298002) in job_163
start submit job
job_dir: /scratch/frdcol002/ipglasma/sensitivity_test/pp5020/BG_2/results/job_164
sbatch output: Submitted batch job 298003
exit_code: 0
Submitted batch job 298003
testing
testing
[09:09:39] Submitted job 74/4200 (ID: 298003) in job_164
start submit job
job_dir: /scratch/frdcol002/ipglasma/sensitivity_test/pp5020/BG_2/results/job_165
sbatch output: Submitted batch job 298004
exit_code: 0
Submitted batch job 298004
testing
testing
[09:09:39] Submitted job 75/4200 (ID: 298004) in job_165
start submit job
job_dir: /scratch/frdcol002/ipglasma/sensitivity_test/pp5020/BG_2/results/job_166
sbatch output: Submitted batch job 298005
exit_code: 0
Submitted batch job 298005
testing
testing
[09:09:39] Submitted job 76/4200 (ID: 298005) in job_166
start submit job
job_dir: /scratch/frdcol002/ipglasma/sensitivity_test/pp5020/BG_2/results/job_167
sbatch output: Submitted batch job 298006
exit_code: 0
Submitted batch job 298006
testing
testing
[09:09:39] Submitted job 77/4200 (ID: 298006) in job_167
start submit job
job_dir: /scratch/frdcol002/ipglasma/sensitivity_test/pp5020/BG_2/results/job_168
sbatch output: Submitted batch job 298007
exit_code: 0
Submitted batch job 298007
testing
testing
[09:09:39] Submitted job 78/4200 (ID: 298007) in job_168
start submit job
job_dir: /scratch/frdcol002/ipglasma/sensitivity_test/pp5020/BG_2/results/job_169
sbatch output: Submitted batch job 298008
exit_code: 0
Submitted batch job 298008
testing
testing
[09:09:39] Submitted job 79/4200 (ID: 298008) in job_169
start submit job
job_dir: /scratch/frdcol002/ipglasma/sensitivity_test/pp5020/BG_2/results/job_17
sbatch output: Submitted batch job 298009
exit_code: 0
Submitted batch job 298009
testing
testing
[09:09:39] Submitted job 80/4200 (ID: 298009) in job_17
start submit job
job_dir: /scratch/frdcol002/ipglasma/sensitivity_test/pp5020/BG_2/results/job_170
sbatch output: Submitted batch job 298010
exit_code: 0
Submitted batch job 298010
testing
testing
[09:09:39] Submitted job 81/4200 (ID: 298010) in job_170
start submit job
job_dir: /scratch/frdcol002/ipglasma/sensitivity_test/pp5020/BG_2/results/job_171
sbatch output: Submitted batch job 298011
exit_code: 0
Submitted batch job 298011
testing
testing
[09:09:39] Submitted job 82/4200 (ID: 298011) in job_171
start submit job
job_dir: /scratch/frdcol002/ipglasma/sensitivity_test/pp5020/BG_2/results/job_172
sbatch output: Submitted batch job 298012
exit_code: 0
Submitted batch job 298012
testing
testing
[09:09:39] Submitted job 83/4200 (ID: 298012) in job_172
start submit job
job_dir: /scratch/frdcol002/ipglasma/sensitivity_test/pp5020/BG_2/results/job_173
sbatch output: Submitted batch job 298013
exit_code: 0
Submitted batch job 298013
testing
testing
[09:09:39] Submitted job 84/4200 (ID: 298013) in job_173
start submit job
job_dir: /scratch/frdcol002/ipglasma/sensitivity_test/pp5020/BG_2/results/job_174
sbatch output: Submitted batch job 298014
exit_code: 0
Submitted batch job 298014
testing
testing
[09:09:39] Submitted job 85/4200 (ID: 298014) in job_174
start submit job
job_dir: /scratch/frdcol002/ipglasma/sensitivity_test/pp5020/BG_2/results/job_175
sbatch output: Submitted batch job 298015
exit_code: 0
Submitted batch job 298015
testing
testing
[09:09:39] Submitted job 86/4200 (ID: 298015) in job_175
start submit job
job_dir: /scratch/frdcol002/ipglasma/sensitivity_test/pp5020/BG_2/results/job_176
sbatch output: Submitted batch job 298016
exit_code: 0
Submitted batch job 298016
testing
testing
[09:09:39] Submitted job 87/4200 (ID: 298016) in job_176
start submit job
job_dir: /scratch/frdcol002/ipglasma/sensitivity_test/pp5020/BG_2/results/job_177
sbatch output: Submitted batch job 298017
exit_code: 0
Submitted batch job 298017
testing
testing
[09:09:39] Submitted job 88/4200 (ID: 298017) in job_177
start submit job
job_dir: /scratch/frdcol002/ipglasma/sensitivity_test/pp5020/BG_2/results/job_178
sbatch output: Submitted batch job 298018
exit_code: 0
Submitted batch job 298018
testing
testing
[09:09:39] Submitted job 89/4200 (ID: 298018) in job_178
start submit job
job_dir: /scratch/frdcol002/ipglasma/sensitivity_test/pp5020/BG_2/results/job_179
sbatch output: Submitted batch job 298019
exit_code: 0
Submitted batch job 298019
testing
testing
[09:09:39] Submitted job 90/4200 (ID: 298019) in job_179
start submit job
job_dir: /scratch/frdcol002/ipglasma/sensitivity_test/pp5020/BG_2/results/job_18
sbatch output: Submitted batch job 298020
exit_code: 0
Submitted batch job 298020
testing
testing
[09:09:39] Submitted job 91/4200 (ID: 298020) in job_18
start submit job
job_dir: /scratch/frdcol002/ipglasma/sensitivity_test/pp5020/BG_2/results/job_180
sbatch output: Submitted batch job 298021
exit_code: 0
Submitted batch job 298021
testing
testing
[09:09:39] Submitted job 92/4200 (ID: 298021) in job_180
start submit job
job_dir: /scratch/frdcol002/ipglasma/sensitivity_test/pp5020/BG_2/results/job_181
sbatch output: Submitted batch job 298022
exit_code: 0
Submitted batch job 298022
testing
testing
[09:09:39] Submitted job 93/4200 (ID: 298022) in job_181
start submit job
job_dir: /scratch/frdcol002/ipglasma/sensitivity_test/pp5020/BG_2/results/job_182
sbatch output: Submitted batch job 298023
exit_code: 0
Submitted batch job 298023
testing
testing
[09:09:39] Submitted job 94/4200 (ID: 298023) in job_182
start submit job
job_dir: /scratch/frdcol002/ipglasma/sensitivity_test/pp5020/BG_2/results/job_183
sbatch output: Submitted batch job 298024
exit_code: 0
Submitted batch job 298024
testing
testing
[09:09:39] Submitted job 95/4200 (ID: 298024) in job_183
start submit job
job_dir: /scratch/frdcol002/ipglasma/sensitivity_test/pp5020/BG_2/results/job_184
sbatch output: Submitted batch job 298025
exit_code: 0
Submitted batch job 298025
testing
testing
[09:09:39] Submitted job 96/4200 (ID: 298025) in job_184
start submit job
job_dir: /scratch/frdcol002/ipglasma/sensitivity_test/pp5020/BG_2/results/job_185
sbatch output: Submitted batch job 298026
exit_code: 0
Submitted batch job 298026
testing
testing
[09:09:39] Submitted job 97/4200 (ID: 298026) in job_185
start submit job
job_dir: /scratch/frdcol002/ipglasma/sensitivity_test/pp5020/BG_2/results/job_186
sbatch output: Submitted batch job 298027
exit_code: 0
Submitted batch job 298027
testing
testing
[09:09:39] Submitted job 98/4200 (ID: 298027) in job_186
start submit job
job_dir: /scratch/frdcol002/ipglasma/sensitivity_test/pp5020/BG_2/results/job_187
sbatch output: Submitted batch job 298028
exit_code: 0
Submitted batch job 298028
testing
testing
[09:09:39] Submitted job 99/4200 (ID: 298028) in job_187
start submit job
job_dir: /scratch/frdcol002/ipglasma/sensitivity_test/pp5020/BG_2/results/job_188
sbatch output: Submitted batch job 298029
exit_code: 0
Submitted batch job 298029
testing
testing
[09:09:39] Submitted job 100/4200 (ID: 298029) in job_188
start submit job
job_dir: /scratch/frdcol002/ipglasma/sensitivity_test/pp5020/BG_2/results/job_189
sbatch output: Submitted batch job 298030
exit_code: 0
Submitted batch job 298030
testing
testing
[09:09:39] Submitted job 101/4200 (ID: 298030) in job_189
start submit job
job_dir: /scratch/frdcol002/ipglasma/sensitivity_test/pp5020/BG_2/results/job_19
sbatch output: Submitted batch job 298031
exit_code: 0
Submitted batch job 298031
testing
testing
[09:09:39] Submitted job 102/4200 (ID: 298031) in job_19
start submit job
job_dir: /scratch/frdcol002/ipglasma/sensitivity_test/pp5020/BG_2/results/job_190
sbatch output: Submitted batch job 298032
exit_code: 0
Submitted batch job 298032
testing
testing
[09:09:39] Submitted job 103/4200 (ID: 298032) in job_190
start submit job
job_dir: /scratch/frdcol002/ipglasma/sensitivity_test/pp5020/BG_2/results/job_191
sbatch output: Submitted batch job 298033
exit_code: 0
Submitted batch job 298033
testing
testing
[09:09:39] Submitted job 104/4200 (ID: 298033) in job_191
start submit job
job_dir: /scratch/frdcol002/ipglasma/sensitivity_test/pp5020/BG_2/results/job_192
sbatch output: Submitted batch job 298034
exit_code: 0
Submitted batch job 298034
testing
testing
[09:09:39] Submitted job 105/4200 (ID: 298034) in job_192
start submit job
job_dir: /scratch/frdcol002/ipglasma/sensitivity_test/pp5020/BG_2/results/job_193
sbatch output: Submitted batch job 298035
exit_code: 0
Submitted batch job 298035
testing
testing
[09:09:39] Submitted job 106/4200 (ID: 298035) in job_193
start submit job
job_dir: /scratch/frdcol002/ipglasma/sensitivity_test/pp5020/BG_2/results/job_194
sbatch output: Submitted batch job 298036
exit_code: 0
Submitted batch job 298036
testing
testing
[09:09:39] Submitted job 107/4200 (ID: 298036) in job_194
start submit job
job_dir: /scratch/frdcol002/ipglasma/sensitivity_test/pp5020/BG_2/results/job_195
sbatch output: Submitted batch job 298037
exit_code: 0
Submitted batch job 298037
testing
testing
[09:09:39] Submitted job 108/4200 (ID: 298037) in job_195
start submit job
job_dir: /scratch/frdcol002/ipglasma/sensitivity_test/pp5020/BG_2/results/job_196
sbatch output: Submitted batch job 298038
exit_code: 0
Submitted batch job 298038
testing
testing
[09:09:40] Submitted job 109/4200 (ID: 298038) in job_196
start submit job
job_dir: /scratch/frdcol002/ipglasma/sensitivity_test/pp5020/BG_2/results/job_197
sbatch output: Submitted batch job 298039
exit_code: 0
Submitted batch job 298039
testing
testing
[09:09:40] Submitted job 110/4200 (ID: 298039) in job_197
start submit job
job_dir: /scratch/frdcol002/ipglasma/sensitivity_test/pp5020/BG_2/results/job_198
sbatch output: Submitted batch job 298040
exit_code: 0
Submitted batch job 298040
testing
testing
[09:09:40] Submitted job 111/4200 (ID: 298040) in job_198
start submit job
job_dir: /scratch/frdcol002/ipglasma/sensitivity_test/pp5020/BG_2/results/job_199
sbatch output: Submitted batch job 298041
exit_code: 0
Submitted batch job 298041
testing
testing
[09:09:40] Submitted job 112/4200 (ID: 298041) in job_199
start submit job
job_dir: /scratch/frdcol002/ipglasma/sensitivity_test/pp5020/BG_2/results/job_2
sbatch output: Submitted batch job 298042
exit_code: 0
Submitted batch job 298042
testing
testing
[09:09:40] Submitted job 113/4200 (ID: 298042) in job_2
start submit job
job_dir: /scratch/frdcol002/ipglasma/sensitivity_test/pp5020/BG_2/results/job_20
sbatch output: Submitted batch job 298043
exit_code: 0
Submitted batch job 298043
testing
testing
[09:09:40] Submitted job 114/4200 (ID: 298043) in job_20
start submit job
job_dir: /scratch/frdcol002/ipglasma/sensitivity_test/pp5020/BG_2/results/job_21
sbatch output: Submitted batch job 298044
exit_code: 0
Submitted batch job 298044
testing
testing
[09:09:40] Submitted job 115/4200 (ID: 298044) in job_21
start submit job
job_dir: /scratch/frdcol002/ipglasma/sensitivity_test/pp5020/BG_2/results/job_22
sbatch output: Submitted batch job 298045
exit_code: 0
Submitted batch job 298045
testing
testing
[09:09:40] Submitted job 116/4200 (ID: 298045) in job_22
start submit job
job_dir: /scratch/frdcol002/ipglasma/sensitivity_test/pp5020/BG_2/results/job_23
sbatch output: Submitted batch job 298046
exit_code: 0
Submitted batch job 298046
testing
testing
[09:09:40] Submitted job 117/4200 (ID: 298046) in job_23
start submit job
job_dir: /scratch/frdcol002/ipglasma/sensitivity_test/pp5020/BG_2/results/job_24
sbatch output: Submitted batch job 298047
exit_code: 0
Submitted batch job 298047
testing
testing
[09:09:40] Submitted job 118/4200 (ID: 298047) in job_24
start submit job
job_dir: /scratch/frdcol002/ipglasma/sensitivity_test/pp5020/BG_2/results/job_25
sbatch output: Submitted batch job 298048
exit_code: 0
Submitted batch job 298048
testing
testing
[09:09:40] Submitted job 119/4200 (ID: 298048) in job_25
start submit job
job_dir: /scratch/frdcol002/ipglasma/sensitivity_test/pp5020/BG_2/results/job_26
sbatch output: Submitted batch job 298049
exit_code: 0
Submitted batch job 298049
testing
testing
[09:09:40] Submitted job 120/4200 (ID: 298049) in job_26
start submit job
job_dir: /scratch/frdcol002/ipglasma/sensitivity_test/pp5020/BG_2/results/job_27
sbatch output: Submitted batch job 298050
exit_code: 0
Submitted batch job 298050
testing
testing
[09:09:40] Submitted job 121/4200 (ID: 298050) in job_27
start submit job
job_dir: /scratch/frdcol002/ipglasma/sensitivity_test/pp5020/BG_2/results/job_28
sbatch output: Submitted batch job 298051
exit_code: 0
Submitted batch job 298051
testing
testing
[09:09:40] Submitted job 122/4200 (ID: 298051) in job_28
start submit job
job_dir: /scratch/frdcol002/ipglasma/sensitivity_test/pp5020/BG_2/results/job_29
sbatch output: Submitted batch job 298052
exit_code: 0
Submitted batch job 298052
testing
testing
[09:09:40] Submitted job 123/4200 (ID: 298052) in job_29
start submit job
job_dir: /scratch/frdcol002/ipglasma/sensitivity_test/pp5020/BG_2/results/job_3
sbatch output: Submitted batch job 298053
exit_code: 0
Submitted batch job 298053
testing
testing
[09:09:40] Submitted job 124/4200 (ID: 298053) in job_3
start submit job
job_dir: /scratch/frdcol002/ipglasma/sensitivity_test/pp5020/BG_2/results/job_30
sbatch output: Submitted batch job 298054
exit_code: 0
Submitted batch job 298054
testing
testing
[09:09:40] Submitted job 125/4200 (ID: 298054) in job_30
start submit job
job_dir: /scratch/frdcol002/ipglasma/sensitivity_test/pp5020/BG_2/results/job_31
sbatch output: Submitted batch job 298055
exit_code: 0
Submitted batch job 298055
testing
testing
[09:09:40] Submitted job 126/4200 (ID: 298055) in job_31
start submit job
job_dir: /scratch/frdcol002/ipglasma/sensitivity_test/pp5020/BG_2/results/job_32
sbatch output: Submitted batch job 298056
exit_code: 0
Submitted batch job 298056
testing
testing
[09:09:40] Submitted job 127/4200 (ID: 298056) in job_32
start submit job
job_dir: /scratch/frdcol002/ipglasma/sensitivity_test/pp5020/BG_2/results/job_33
sbatch output: Submitted batch job 298057
exit_code: 0
Submitted batch job 298057
testing
testing
[09:09:40] Submitted job 128/4200 (ID: 298057) in job_33
start submit job
job_dir: /scratch/frdcol002/ipglasma/sensitivity_test/pp5020/BG_2/results/job_34
sbatch output: Submitted batch job 298058
exit_code: 0
Submitted batch job 298058
testing
testing
[09:09:40] Submitted job 129/4200 (ID: 298058) in job_34
start submit job
job_dir: /scratch/frdcol002/ipglasma/sensitivity_test/pp5020/BG_2/results/job_35
sbatch output: Submitted batch job 298059
exit_code: 0
Submitted batch job 298059
testing
testing
[09:09:40] Submitted job 130/4200 (ID: 298059) in job_35
start submit job
job_dir: /scratch/frdcol002/ipglasma/sensitivity_test/pp5020/BG_2/results/job_36
sbatch output: Submitted batch job 298060
exit_code: 0
Submitted batch job 298060
testing
testing
[09:09:40] Submitted job 131/4200 (ID: 298060) in job_36
start submit job
job_dir: /scratch/frdcol002/ipglasma/sensitivity_test/pp5020/BG_2/results/job_37
sbatch output: Submitted batch job 298061
exit_code: 0
Submitted batch job 298061
testing
testing
[09:09:40] Submitted job 132/4200 (ID: 298061) in job_37
start submit job
job_dir: /scratch/frdcol002/ipglasma/sensitivity_test/pp5020/BG_2/results/job_38
sbatch output: Submitted batch job 298062
exit_code: 0
Submitted batch job 298062
testing
testing
[09:09:40] Submitted job 133/4200 (ID: 298062) in job_38
start submit job
job_dir: /scratch/frdcol002/ipglasma/sensitivity_test/pp5020/BG_2/results/job_39
sbatch output: Submitted batch job 298063
exit_code: 0
Submitted batch job 298063
testing
testing
[09:09:40] Submitted job 134/4200 (ID: 298063) in job_39
start submit job
job_dir: /scratch/frdcol002/ipglasma/sensitivity_test/pp5020/BG_2/results/job_4
sbatch output: Submitted batch job 298064
exit_code: 0
Submitted batch job 298064
testing
testing
[09:09:40] Submitted job 135/4200 (ID: 298064) in job_4
start submit job
job_dir: /scratch/frdcol002/ipglasma/sensitivity_test/pp5020/BG_2/results/job_40
sbatch output: Submitted batch job 298065
exit_code: 0
Submitted batch job 298065
testing
testing
[09:09:40] Submitted job 136/4200 (ID: 298065) in job_40
start submit job
job_dir: /scratch/frdcol002/ipglasma/sensitivity_test/pp5020/BG_2/results/job_41
sbatch output: Submitted batch job 298066
exit_code: 0
Submitted batch job 298066
testing
testing
[09:09:40] Submitted job 137/4200 (ID: 298066) in job_41
start submit job
job_dir: /scratch/frdcol002/ipglasma/sensitivity_test/pp5020/BG_2/results/job_42
sbatch output: Submitted batch job 298067
exit_code: 0
Submitted batch job 298067
testing
testing
[09:09:40] Submitted job 138/4200 (ID: 298067) in job_42
start submit job
job_dir: /scratch/frdcol002/ipglasma/sensitivity_test/pp5020/BG_2/results/job_43
sbatch output: Submitted batch job 298068
exit_code: 0
Submitted batch job 298068
testing
testing
[09:09:40] Submitted job 139/4200 (ID: 298068) in job_43
start submit job
job_dir: /scratch/frdcol002/ipglasma/sensitivity_test/pp5020/BG_2/results/job_44
sbatch output: Submitted batch job 298069
exit_code: 0
Submitted batch job 298069
testing
testing
[09:09:40] Submitted job 140/4200 (ID: 298069) in job_44

========================================
Monitoring jobs and submitting remaining...
========================================
Remaining jobs: 4060
Checking every 60 seconds...

